  IOCPServer.cpp
c:\users\kimseongjoon\desktop\오목서버-로비와룸 구현, 메모리릭구현\omokserver\omokserver\packetsession.h(94): warning C4996: 'strcpy': This function or variable may be unsafe. Consider using strcpy_s instead. To disable deprecation, use _CRT_SECURE_NO_WARNINGS. See online help for details.
  c:\program files (x86)\windows kits\10\include\10.0.10240.0\ucrt\string.h(119): note: 'strcpy' 선언을 참조하십시오.
c:\users\kimseongjoon\desktop\오목서버-로비와룸 구현, 메모리릭구현\omokserver\omokserver\packetsession.h(95): warning C4996: 'strcpy': This function or variable may be unsafe. Consider using strcpy_s instead. To disable deprecation, use _CRT_SECURE_NO_WARNINGS. See online help for details.
  c:\program files (x86)\windows kits\10\include\10.0.10240.0\ucrt\string.h(119): note: 'strcpy' 선언을 참조하십시오.
c:\users\kimseongjoon\desktop\오목서버-로비와룸 구현, 메모리릭구현\omokserver\omokserver\packetsession.h(153): warning C4996: 'strcpy': This function or variable may be unsafe. Consider using strcpy_s instead. To disable deprecation, use _CRT_SECURE_NO_WARNINGS. See online help for details.
  c:\program files (x86)\windows kits\10\include\10.0.10240.0\ucrt\string.h(119): note: 'strcpy' 선언을 참조하십시오.
c:\users\kimseongjoon\desktop\오목서버-로비와룸 구현, 메모리릭구현\omokserver\omokserver\packetsession.h(154): warning C4996: 'strcpy': This function or variable may be unsafe. Consider using strcpy_s instead. To disable deprecation, use _CRT_SECURE_NO_WARNINGS. See online help for details.
  c:\program files (x86)\windows kits\10\include\10.0.10240.0\ucrt\string.h(119): note: 'strcpy' 선언을 참조하십시오.
c:\users\kimseongjoon\desktop\오목서버-로비와룸 구현, 메모리릭구현\omokserver\omokserver\packetsession.h(320): warning C4996: 'strcpy': This function or variable may be unsafe. Consider using strcpy_s instead. To disable deprecation, use _CRT_SECURE_NO_WARNINGS. See online help for details.
  c:\program files (x86)\windows kits\10\include\10.0.10240.0\ucrt\string.h(119): note: 'strcpy' 선언을 참조하십시오.
c:\users\kimseongjoon\desktop\오목서버-로비와룸 구현, 메모리릭구현\omokserver\omokserver\packetsession.h(334): warning C4996: 'strcpy': This function or variable may be unsafe. Consider using strcpy_s instead. To disable deprecation, use _CRT_SECURE_NO_WARNINGS. See online help for details.
  c:\program files (x86)\windows kits\10\include\10.0.10240.0\ucrt\string.h(119): note: 'strcpy' 선언을 참조하십시오.
c:\users\kimseongjoon\desktop\오목서버-로비와룸 구현, 메모리릭구현\omokserver\omokserver\packetsession.h(480): warning C4996: 'strcpy': This function or variable may be unsafe. Consider using strcpy_s instead. To disable deprecation, use _CRT_SECURE_NO_WARNINGS. See online help for details.
  c:\program files (x86)\windows kits\10\include\10.0.10240.0\ucrt\string.h(119): note: 'strcpy' 선언을 참조하십시오.
c:\users\kimseongjoon\desktop\오목서버-로비와룸 구현, 메모리릭구현\omokserver\omokserver\packetsession.h(494): warning C4996: 'strcpy': This function or variable may be unsafe. Consider using strcpy_s instead. To disable deprecation, use _CRT_SECURE_NO_WARNINGS. See online help for details.
  c:\program files (x86)\windows kits\10\include\10.0.10240.0\ucrt\string.h(119): note: 'strcpy' 선언을 참조하십시오.
c:\users\kimseongjoon\desktop\오목서버-로비와룸 구현, 메모리릭구현\omokserver\omokserver\iocpserver.cpp(225): warning C4996: 'inet_ntoa': Use inet_ntop() or InetNtop() instead or define _WINSOCK_DEPRECATED_NO_WARNINGS to disable deprecated API warnings
  c:\program files (x86)\windows kits\8.1\include\um\winsock2.h(1868): note: 'inet_ntoa' 선언을 참조하십시오.
c:\users\kimseongjoon\desktop\오목서버-로비와룸 구현, 메모리릭구현\omokserver\omokserver\iocpserver.cpp(236): warning C4996: 'inet_ntoa': Use inet_ntop() or InetNtop() instead or define _WINSOCK_DEPRECATED_NO_WARNINGS to disable deprecated API warnings
  c:\program files (x86)\windows kits\8.1\include\um\winsock2.h(1868): note: 'inet_ntoa' 선언을 참조하십시오.
c:\users\kimseongjoon\desktop\오목서버-로비와룸 구현, 메모리릭구현\omokserver\omokserver\iocpserver.cpp(799): warning C4996: 'inet_ntoa': Use inet_ntop() or InetNtop() instead or define _WINSOCK_DEPRECATED_NO_WARNINGS to disable deprecated API warnings
  c:\program files (x86)\windows kits\8.1\include\um\winsock2.h(1868): note: 'inet_ntoa' 선언을 참조하십시오.
c:\users\kimseongjoon\desktop\오목서버-로비와룸 구현, 메모리릭구현\omokserver\omokserver\iocpserver.cpp(886): warning C4996: 'inet_ntoa': Use inet_ntop() or InetNtop() instead or define _WINSOCK_DEPRECATED_NO_WARNINGS to disable deprecated API warnings
  c:\program files (x86)\windows kits\8.1\include\um\winsock2.h(1868): note: 'inet_ntoa' 선언을 참조하십시오.
c:\users\kimseongjoon\desktop\오목서버-로비와룸 구현, 메모리릭구현\omokserver\omokserver\iocpserver.cpp(2590): warning C4018: '<': signed 또는 unsigned가 일치하지 않습니다.
  코드를 생성하고 있습니다...
  컴파일하고 있습니다...
  Main.cpp
c:\users\kimseongjoon\desktop\오목서버-로비와룸 구현, 메모리릭구현\omokserver\omokserver\packetsession.h(94): warning C4996: 'strcpy': This function or variable may be unsafe. Consider using strcpy_s instead. To disable deprecation, use _CRT_SECURE_NO_WARNINGS. See online help for details.
  c:\program files (x86)\windows kits\10\include\10.0.10240.0\ucrt\string.h(119): note: 'strcpy' 선언을 참조하십시오.
c:\users\kimseongjoon\desktop\오목서버-로비와룸 구현, 메모리릭구현\omokserver\omokserver\packetsession.h(95): warning C4996: 'strcpy': This function or variable may be unsafe. Consider using strcpy_s instead. To disable deprecation, use _CRT_SECURE_NO_WARNINGS. See online help for details.
  c:\program files (x86)\windows kits\10\include\10.0.10240.0\ucrt\string.h(119): note: 'strcpy' 선언을 참조하십시오.
c:\users\kimseongjoon\desktop\오목서버-로비와룸 구현, 메모리릭구현\omokserver\omokserver\packetsession.h(153): warning C4996: 'strcpy': This function or variable may be unsafe. Consider using strcpy_s instead. To disable deprecation, use _CRT_SECURE_NO_WARNINGS. See online help for details.
  c:\program files (x86)\windows kits\10\include\10.0.10240.0\ucrt\string.h(119): note: 'strcpy' 선언을 참조하십시오.
c:\users\kimseongjoon\desktop\오목서버-로비와룸 구현, 메모리릭구현\omokserver\omokserver\packetsession.h(154): warning C4996: 'strcpy': This function or variable may be unsafe. Consider using strcpy_s instead. To disable deprecation, use _CRT_SECURE_NO_WARNINGS. See online help for details.
  c:\program files (x86)\windows kits\10\include\10.0.10240.0\ucrt\string.h(119): note: 'strcpy' 선언을 참조하십시오.
c:\users\kimseongjoon\desktop\오목서버-로비와룸 구현, 메모리릭구현\omokserver\omokserver\packetsession.h(320): warning C4996: 'strcpy': This function or variable may be unsafe. Consider using strcpy_s instead. To disable deprecation, use _CRT_SECURE_NO_WARNINGS. See online help for details.
  c:\program files (x86)\windows kits\10\include\10.0.10240.0\ucrt\string.h(119): note: 'strcpy' 선언을 참조하십시오.
c:\users\kimseongjoon\desktop\오목서버-로비와룸 구현, 메모리릭구현\omokserver\omokserver\packetsession.h(334): warning C4996: 'strcpy': This function or variable may be unsafe. Consider using strcpy_s instead. To disable deprecation, use _CRT_SECURE_NO_WARNINGS. See online help for details.
  c:\program files (x86)\windows kits\10\include\10.0.10240.0\ucrt\string.h(119): note: 'strcpy' 선언을 참조하십시오.
c:\users\kimseongjoon\desktop\오목서버-로비와룸 구현, 메모리릭구현\omokserver\omokserver\packetsession.h(480): warning C4996: 'strcpy': This function or variable may be unsafe. Consider using strcpy_s instead. To disable deprecation, use _CRT_SECURE_NO_WARNINGS. See online help for details.
  c:\program files (x86)\windows kits\10\include\10.0.10240.0\ucrt\string.h(119): note: 'strcpy' 선언을 참조하십시오.
c:\users\kimseongjoon\desktop\오목서버-로비와룸 구현, 메모리릭구현\omokserver\omokserver\packetsession.h(494): warning C4996: 'strcpy': This function or variable may be unsafe. Consider using strcpy_s instead. To disable deprecation, use _CRT_SECURE_NO_WARNINGS. See online help for details.
  c:\program files (x86)\windows kits\10\include\10.0.10240.0\ucrt\string.h(119): note: 'strcpy' 선언을 참조하십시오.
  코드를 생성하고 있습니다...
  OmokServer.vcxproj -> C:\Users\kimseongjoon\Desktop\오목서버-로비와룸 구현, 메모리릭구현\OmokServer\Debug\OmokServer.exe
  OmokServer.vcxproj -> C:\Users\kimseongjoon\Desktop\오목서버-로비와룸 구현, 메모리릭구현\OmokServer\Debug\OmokServer.pdb (Partial PDB)
